<?xml version="1.0" encoding="UTF-8"?>
<!-- Generated by org.testng.reporters.JUnitReportReporter -->
<testsuite hostname="N-20L6PF1CB3VT" failures="0" tests="2" name="com.crm.qa.testcases.LoginPageTest" time="36.230" errors="0" timestamp="2021-10-25T13:42:14 IST" skipped="0">
  <testcase classname="com.crm.qa.testcases.LoginPageTest" name="Demosite" time="16.567"/>
  <system-out/>
  <testcase classname="com.crm.qa.testcases.LoginPageTest" name="Demosite1" time="19.663"/>
  <system-out/>
</testsuite> <!-- com.crm.qa.testcases.LoginPageTest -->
